Alizarin Crimson : #E32636
Amber : #FFBF00
Amethyst : #9966CC
Asparagus : #7BA05B
Aqua : #00FFFF
Aquamarine : #7FFFD4
Azure : #007FFF
Beige : #F5F5DC
Bistre : #3D2B1F
Black : #000000
Blue : #0000FF
Bondi Blue : #0095B6
Brass : #B5A642
Bright green : #66FF00
Bright turquoise : #08E8DE
Bright violet : #CD00CD
Bronze : #CD7F32
Brown : #964B00
Buff : #F0DC82
Burnt Orange : #CC5500
Burnt Sienna : #E97451
Burnt umber : #8A3324
Camouflage green : #78866B
Cardinal : #C41E3A
Carmine : #960018
Carrot : #ED9121
Celadon : #ACE1AF
Cerise : #DE3163
Cerulean : #007BA7
Cerulean blue : #2A52BE
Chartreuse : #7FFF00
Chestnut : #CD5C5C
Chocolate : #D2691E
Cinnamon : #7B3F00
Cobalt : #0047AB
Copper : #B87333
Coral : #FF7F50
Corn : #FBEC5D
Cornflower blue : #6495ED
Cream : #FFFDD0
Crimson : #DC143C
Cyan : #00FFFF
Dark brown : #654321
Dark cerulean : #08457E
Dark chestnut : #986960
Dark coral : #CD5B45
Dark goldenrod : #B8860B
Dark green : #013220
Dark Indigo : #310062
Dark Khaki : #BDB76B
Dark Olive : #556832
Dark pastel green : #03C03C
Dark Peach : #FFDAB9
Dark pink : #E75480
Dark salmon : #E9967A
Dark Scarlet : #560319
Dark slate gray : #2F4F4F
Dark spring green : #177245
Dark tan : #918151
Dark tangerine : #FFA812
Dark Tea Green : #BADBAD
Dark turquoise : #116062
Dark violet : #423189
Denim : #1560BD
Dodger blue : #1E90FF
Emerald : #50C878
Eggplant : #990066
Fern green : #4F7942
Flax : #EEDC82
Fuchsia : #F400A1
Gamboge : #E49B0F
Gold : #FFD700
Goldenrod : #DAA520
Gray : #808080
Gray-asparagus : #465945
Gray-Tea Green : #CADABA
Green : #00FF00
Green-yellow : #ADFF2F
Heliotrope : #DF73FF
Hot pink : #FC0FC0
Indigo : #4B0082
International orange (Safety orange) : #FF4F00
Jade : #00A86B
Khaki : #C3B091
Klein Blue : #3A75C4
Lavender : #E6E6FA
Lavender Blush : #FFF0F5
Lemon : #FDE910
Lemon Cream : #FFFACD
Light brown : #CD853F
Lilac : #C8A2C8
Lime : #CCFF00
Linen : #FAF0E6
Magenta : #FF00FF
Malachite : #0BDA51
Maroon : #800000
Mauve : #993366
Midnight Blue : #003366
Mint Green : #98FF98
Moss green : #ADDFAD
Mountbatten pink : #997A8D
Mustard : #FFDB58
Navajo white : #FFDEAD
Navy blue : #000080
Ochre : #CC7722
Old Gold : #CFB53B
Olive : #808000
Olive Drab : #6B8E23
Orange : #FFA500
Orchid : #DA70D6
Pale Blue : #AFEEEE
Pale bright green : #66FF66
Pale brown : #987654
Pale carmine : #AF4035
Pale chestnut : #DDADAF
Pale cornflower blue : #ABCDEF
Pale Denim : #5E86C1
Pale magenta : #F984E5
Pale mauve : #996666
Pale mint green : #DAFDDA
Pale ochre : #E4A05C
Pale olive : #898437
Pale olive drab : #908435
Pale orange : #FFC87C
Pale pink : #FADADD
Pale pink-lavender : #DABAD0
Pale raw umber : #ECC084
Pale red-violet : #DB7093
Pale Sandy Brown : #DABDAB
Pale sea green : #8FBC8F
Pale Turquoise : #99FFCC
Pale Wisteria : #E0AFEE
Pale Yellow : #FFFF66
Papaya whip : #FFEFD5
Pastel green : #77DD77
Pastel pink : #FFD1DC
Peach : #FFE5B4
Peach-orange : #FFCC99
Peach-yellow : #FADFAD
Pear : #D1E231
Periwinkle : #CCCCFF
Persian blue : #6600FF
Pine Green : #01796F
Pink : #FFC0CB
Pink-orange : #FF9966
Plum : #660066
Powder blue : #003399
Puce : #CC8899
Prussian blue : #003153
Pumpkin : #FF7518
Purple : #660099
Raw umber : #734A12
Red : #FF0000
Red-violet : #C71585
Robin egg blue : #00CCCC
Royal Blue : #4169E1
Russet : #755A57
Rust : #B7410E
Safety Orange (Blaze Orange) : #FF9900
Saffron : #F4C430
Salmon : #FF8C69
Sandy brown : #F4A460
Sangria : #92000A
Scarlet : #FF2400
School bus yellow : #FFD800
Sea Green : #2E8B57
Seashell : #FFF5EE
Selective yellow : #FFBA00
Sepia : #704214
Silver : #C0C0C0
Slate gray : #708090
Spring Green : #00FF7F
Steel blue : #4682B4
Swamp green : #ACB78E
Tan : #D2B48C
Tenné : #CD5700
Tangerine : #FFCC00
Tea Green : #D0F0C0
Teal : #008080
Thistle : #D8BFD8
Turquoise : #30D5C8
Ultramarine : #120A8F
Vermilion : #FF4D00
Violet : #8B00FF
Violet-eggplant : #991199
Viridian : #40826D
Wheat : #F5DEB3
White : #FFFFFF
Wisteria : #C9A0DC
Yellow : #FFFF00
Zinnwaldite : #EBC2AF
